c:\users\natha\downloads\udt4\src\udt.bsc
c:\users\natha\downloads\udt4\src\api.sbr
c:\users\natha\downloads\udt4\src\buffer.sbr
c:\users\natha\downloads\udt4\src\cache.sbr
c:\users\natha\downloads\udt4\src\ccc.sbr
c:\users\natha\downloads\udt4\src\channel.sbr
c:\users\natha\downloads\udt4\src\common.sbr
c:\users\natha\downloads\udt4\src\core.sbr
c:\users\natha\downloads\udt4\src\epoll.sbr
c:\users\natha\downloads\udt4\src\list.sbr
c:\users\natha\downloads\udt4\src\md5.sbr
c:\users\natha\downloads\udt4\src\packet.sbr
c:\users\natha\downloads\udt4\src\queue.sbr
c:\users\natha\downloads\udt4\src\window.sbr
c:\users\natha\downloads\udt4\src\window.obj
c:\users\natha\downloads\udt4\src\queue.obj
c:\users\natha\downloads\udt4\src\packet.obj
c:\users\natha\downloads\udt4\src\md5.obj
c:\users\natha\downloads\udt4\src\list.obj
c:\users\natha\downloads\udt4\src\epoll.obj
c:\users\natha\downloads\udt4\src\core.obj
c:\users\natha\downloads\udt4\src\common.obj
c:\users\natha\downloads\udt4\src\channel.obj
c:\users\natha\downloads\udt4\src\ccc.obj
c:\users\natha\downloads\udt4\src\cache.obj
c:\users\natha\downloads\udt4\src\buffer.obj
c:\users\natha\downloads\udt4\src\api.obj
c:\users\natha\downloads\udt4\src\udt.ilk
c:\users\natha\downloads\udt4\src\udt.dll
c:\users\natha\downloads\udt4\src\udt.pdb
c:\users\natha\downloads\udt4\src\udt.lib
c:\users\natha\downloads\udt4\src\udt.exp
c:\users\natha\downloads\udt4\src\../src\udt.pdb
c:\users\natha\downloads\udt4\src\../src\udt.bsc
c:\users\natha\downloads\udt4\src\../src\udt.ilk
c:\users\natha\downloads\udt4\src\../src\udt.vcxproj.filelistabsolute.txt
c:\users\natha\downloads\udt4\src\udt.tlog\bscmake.command.1.tlog
c:\users\natha\downloads\udt4\src\udt.tlog\bscmake.read.1.tlog
c:\users\natha\downloads\udt4\src\udt.tlog\bscmake.write.1.tlog
c:\users\natha\downloads\udt4\src\udt.tlog\cl.command.1.tlog
c:\users\natha\downloads\udt4\src\udt.tlog\cl.read.1.tlog
c:\users\natha\downloads\udt4\src\udt.tlog\cl.write.1.tlog
c:\users\natha\downloads\udt4\src\udt.tlog\link.command.1.tlog
c:\users\natha\downloads\udt4\src\udt.tlog\link.read.1.tlog
c:\users\natha\downloads\udt4\src\udt.tlog\link.write.1.tlog
c:\users\natha\downloads\udt4\src\udt.tlog\udt.write.1u.tlog
