cl : command line  warning D9035: option 'Gm' has been deprecated and will be removed in a future release
cl : command line  warning D9007: '/Gm' requires '/Zi or /ZI'; option ignored
  api.cpp
C:\Users\natha\Downloads\udt4\src\udt.h(248,16): warning C4251: 'CUDTException::m_strMsg': class 'std::basic_string<char,std::char_traits<char>,std::allocator<char>>' needs to have dll-interface to be used by clients of class 'CUDTException'
C:\Program Files\Microsoft Visual Studio\2022\Community\VC\Tools\MSVC\14.33.31629\include\xstring(5186): message : see declaration of 'std::basic_string<char,std::char_traits<char>,std::allocator<char>>'
C:\Users\natha\Downloads\udt4\src\udt.h(250,16): warning C4251: 'CUDTException::m_strAPI': class 'std::basic_string<char,std::char_traits<char>,std::allocator<char>>' needs to have dll-interface to be used by clients of class 'CUDTException'
C:\Program Files\Microsoft Visual Studio\2022\Community\VC\Tools\MSVC\14.33.31629\include\xstring(5186): message : see declaration of 'std::basic_string<char,std::char_traits<char>,std::allocator<char>>'
C:\Users\natha\Downloads\udt4\src\udt.h(251,16): warning C4251: 'CUDTException::m_strDebug': class 'std::basic_string<char,std::char_traits<char>,std::allocator<char>>' needs to have dll-interface to be used by clients of class 'CUDTException'
C:\Program Files\Microsoft Visual Studio\2022\Community\VC\Tools\MSVC\14.33.31629\include\xstring(5186): message : see declaration of 'std::basic_string<char,std::char_traits<char>,std::allocator<char>>'
  buffer.cpp
C:\Users\natha\Downloads\udt4\src\udt.h(248,16): warning C4251: 'CUDTException::m_strMsg': class 'std::basic_string<char,std::char_traits<char>,std::allocator<char>>' needs to have dll-interface to be used by clients of class 'CUDTException'
C:\Program Files\Microsoft Visual Studio\2022\Community\VC\Tools\MSVC\14.33.31629\include\xstring(5186): message : see declaration of 'std::basic_string<char,std::char_traits<char>,std::allocator<char>>'
C:\Users\natha\Downloads\udt4\src\udt.h(250,16): warning C4251: 'CUDTException::m_strAPI': class 'std::basic_string<char,std::char_traits<char>,std::allocator<char>>' needs to have dll-interface to be used by clients of class 'CUDTException'
C:\Program Files\Microsoft Visual Studio\2022\Community\VC\Tools\MSVC\14.33.31629\include\xstring(5186): message : see declaration of 'std::basic_string<char,std::char_traits<char>,std::allocator<char>>'
C:\Users\natha\Downloads\udt4\src\udt.h(251,16): warning C4251: 'CUDTException::m_strDebug': class 'std::basic_string<char,std::char_traits<char>,std::allocator<char>>' needs to have dll-interface to be used by clients of class 'CUDTException'
C:\Program Files\Microsoft Visual Studio\2022\Community\VC\Tools\MSVC\14.33.31629\include\xstring(5186): message : see declaration of 'std::basic_string<char,std::char_traits<char>,std::allocator<char>>'
C:\Users\natha\Downloads\udt4\src\buffer.cpp(188,31): warning C4244: '=': conversion from 'std::streamsize' to 'int', possible loss of data
  cache.cpp
C:\Users\natha\Downloads\udt4\src\udt.h(248,16): warning C4251: 'CUDTException::m_strMsg': class 'std::basic_string<char,std::char_traits<char>,std::allocator<char>>' needs to have dll-interface to be used by clients of class 'CUDTException'
C:\Program Files\Microsoft Visual Studio\2022\Community\VC\Tools\MSVC\14.33.31629\include\xstring(5186): message : see declaration of 'std::basic_string<char,std::char_traits<char>,std::allocator<char>>'
C:\Users\natha\Downloads\udt4\src\udt.h(250,16): warning C4251: 'CUDTException::m_strAPI': class 'std::basic_string<char,std::char_traits<char>,std::allocator<char>>' needs to have dll-interface to be used by clients of class 'CUDTException'
C:\Program Files\Microsoft Visual Studio\2022\Community\VC\Tools\MSVC\14.33.31629\include\xstring(5186): message : see declaration of 'std::basic_string<char,std::char_traits<char>,std::allocator<char>>'
C:\Users\natha\Downloads\udt4\src\udt.h(251,16): warning C4251: 'CUDTException::m_strDebug': class 'std::basic_string<char,std::char_traits<char>,std::allocator<char>>' needs to have dll-interface to be used by clients of class 'CUDTException'
C:\Program Files\Microsoft Visual Studio\2022\Community\VC\Tools\MSVC\14.33.31629\include\xstring(5186): message : see declaration of 'std::basic_string<char,std::char_traits<char>,std::allocator<char>>'
  ccc.cpp
C:\Users\natha\Downloads\udt4\src\udt.h(248,16): warning C4251: 'CUDTException::m_strMsg': class 'std::basic_string<char,std::char_traits<char>,std::allocator<char>>' needs to have dll-interface to be used by clients of class 'CUDTException'
C:\Program Files\Microsoft Visual Studio\2022\Community\VC\Tools\MSVC\14.33.31629\include\xstring(5186): message : see declaration of 'std::basic_string<char,std::char_traits<char>,std::allocator<char>>'
C:\Users\natha\Downloads\udt4\src\udt.h(250,16): warning C4251: 'CUDTException::m_strAPI': class 'std::basic_string<char,std::char_traits<char>,std::allocator<char>>' needs to have dll-interface to be used by clients of class 'CUDTException'
C:\Program Files\Microsoft Visual Studio\2022\Community\VC\Tools\MSVC\14.33.31629\include\xstring(5186): message : see declaration of 'std::basic_string<char,std::char_traits<char>,std::allocator<char>>'
C:\Users\natha\Downloads\udt4\src\udt.h(251,16): warning C4251: 'CUDTException::m_strDebug': class 'std::basic_string<char,std::char_traits<char>,std::allocator<char>>' needs to have dll-interface to be used by clients of class 'CUDTException'
C:\Program Files\Microsoft Visual Studio\2022\Community\VC\Tools\MSVC\14.33.31629\include\xstring(5186): message : see declaration of 'std::basic_string<char,std::char_traits<char>,std::allocator<char>>'
  channel.cpp
C:\Users\natha\Downloads\udt4\src\udt.h(248,16): warning C4251: 'CUDTException::m_strMsg': class 'std::basic_string<char,std::char_traits<char>,std::allocator<char>>' needs to have dll-interface to be used by clients of class 'CUDTException'
C:\Program Files\Microsoft Visual Studio\2022\Community\VC\Tools\MSVC\14.33.31629\include\xstring(5186): message : see declaration of 'std::basic_string<char,std::char_traits<char>,std::allocator<char>>'
C:\Users\natha\Downloads\udt4\src\udt.h(250,16): warning C4251: 'CUDTException::m_strAPI': class 'std::basic_string<char,std::char_traits<char>,std::allocator<char>>' needs to have dll-interface to be used by clients of class 'CUDTException'
C:\Program Files\Microsoft Visual Studio\2022\Community\VC\Tools\MSVC\14.33.31629\include\xstring(5186): message : see declaration of 'std::basic_string<char,std::char_traits<char>,std::allocator<char>>'
C:\Users\natha\Downloads\udt4\src\udt.h(251,16): warning C4251: 'CUDTException::m_strDebug': class 'std::basic_string<char,std::char_traits<char>,std::allocator<char>>' needs to have dll-interface to be used by clients of class 'CUDTException'
C:\Program Files\Microsoft Visual Studio\2022\Community\VC\Tools\MSVC\14.33.31629\include\xstring(5186): message : see declaration of 'std::basic_string<char,std::char_traits<char>,std::allocator<char>>'
  common.cpp
C:\Users\natha\Downloads\udt4\src\udt.h(248,16): warning C4251: 'CUDTException::m_strMsg': class 'std::basic_string<char,std::char_traits<char>,std::allocator<char>>' needs to have dll-interface to be used by clients of class 'CUDTException'
C:\Program Files\Microsoft Visual Studio\2022\Community\VC\Tools\MSVC\14.33.31629\include\xstring(5186): message : see declaration of 'std::basic_string<char,std::char_traits<char>,std::allocator<char>>'
C:\Users\natha\Downloads\udt4\src\udt.h(250,16): warning C4251: 'CUDTException::m_strAPI': class 'std::basic_string<char,std::char_traits<char>,std::allocator<char>>' needs to have dll-interface to be used by clients of class 'CUDTException'
C:\Program Files\Microsoft Visual Studio\2022\Community\VC\Tools\MSVC\14.33.31629\include\xstring(5186): message : see declaration of 'std::basic_string<char,std::char_traits<char>,std::allocator<char>>'
C:\Users\natha\Downloads\udt4\src\udt.h(251,16): warning C4251: 'CUDTException::m_strDebug': class 'std::basic_string<char,std::char_traits<char>,std::allocator<char>>' needs to have dll-interface to be used by clients of class 'CUDTException'
C:\Program Files\Microsoft Visual Studio\2022\Community\VC\Tools\MSVC\14.33.31629\include\xstring(5186): message : see declaration of 'std::basic_string<char,std::char_traits<char>,std::allocator<char>>'
  core.cpp
C:\Users\natha\Downloads\udt4\src\udt.h(248,16): warning C4251: 'CUDTException::m_strMsg': class 'std::basic_string<char,std::char_traits<char>,std::allocator<char>>' needs to have dll-interface to be used by clients of class 'CUDTException'
C:\Program Files\Microsoft Visual Studio\2022\Community\VC\Tools\MSVC\14.33.31629\include\xstring(5186): message : see declaration of 'std::basic_string<char,std::char_traits<char>,std::allocator<char>>'
C:\Users\natha\Downloads\udt4\src\udt.h(250,16): warning C4251: 'CUDTException::m_strAPI': class 'std::basic_string<char,std::char_traits<char>,std::allocator<char>>' needs to have dll-interface to be used by clients of class 'CUDTException'
C:\Program Files\Microsoft Visual Studio\2022\Community\VC\Tools\MSVC\14.33.31629\include\xstring(5186): message : see declaration of 'std::basic_string<char,std::char_traits<char>,std::allocator<char>>'
C:\Users\natha\Downloads\udt4\src\udt.h(251,16): warning C4251: 'CUDTException::m_strDebug': class 'std::basic_string<char,std::char_traits<char>,std::allocator<char>>' needs to have dll-interface to be used by clients of class 'CUDTException'
C:\Program Files\Microsoft Visual Studio\2022\Community\VC\Tools\MSVC\14.33.31629\include\xstring(5186): message : see declaration of 'std::basic_string<char,std::char_traits<char>,std::allocator<char>>'
C:\Users\natha\Downloads\udt4\src\core.cpp(771,1): warning C4297: 'CUDT::connect': function assumed not to throw an exception but does
C:\Users\natha\Downloads\udt4\src\core.cpp(771,1): message : __declspec(nothrow), throw(), noexcept(true), or noexcept was specified on the function
C:\Users\natha\Downloads\udt4\src\core.cpp(1661,24): warning C4244: '=': conversion from 'const double' to 'volatile uint64_t', possible loss of data
  epoll.cpp
C:\Users\natha\Downloads\udt4\src\udt.h(248,16): warning C4251: 'CUDTException::m_strMsg': class 'std::basic_string<char,std::char_traits<char>,std::allocator<char>>' needs to have dll-interface to be used by clients of class 'CUDTException'
C:\Program Files\Microsoft Visual Studio\2022\Community\VC\Tools\MSVC\14.33.31629\include\xstring(5186): message : see declaration of 'std::basic_string<char,std::char_traits<char>,std::allocator<char>>'
C:\Users\natha\Downloads\udt4\src\udt.h(250,16): warning C4251: 'CUDTException::m_strAPI': class 'std::basic_string<char,std::char_traits<char>,std::allocator<char>>' needs to have dll-interface to be used by clients of class 'CUDTException'
C:\Program Files\Microsoft Visual Studio\2022\Community\VC\Tools\MSVC\14.33.31629\include\xstring(5186): message : see declaration of 'std::basic_string<char,std::char_traits<char>,std::allocator<char>>'
C:\Users\natha\Downloads\udt4\src\udt.h(251,16): warning C4251: 'CUDTException::m_strDebug': class 'std::basic_string<char,std::char_traits<char>,std::allocator<char>>' needs to have dll-interface to be used by clients of class 'CUDTException'
C:\Program Files\Microsoft Visual Studio\2022\Community\VC\Tools\MSVC\14.33.31629\include\xstring(5186): message : see declaration of 'std::basic_string<char,std::char_traits<char>,std::allocator<char>>'
C:\Users\natha\Downloads\udt4\src\epoll.cpp(110,69): warning C4100: 'events': unreferenced formal parameter
C:\Users\natha\Downloads\udt4\src\epoll.cpp(254,24): warning C4457: declaration of 'readfds' hides function parameter
C:\Users\natha\Downloads\udt4\src\epoll.cpp(179,49): message : see declaration of 'readfds'
C:\Users\natha\Downloads\udt4\src\epoll.cpp(255,25): warning C4457: declaration of 'writefds' hides function parameter
C:\Users\natha\Downloads\udt4\src\epoll.cpp(179,74): message : see declaration of 'writefds'
  list.cpp
C:\Users\natha\Downloads\udt4\src\udt.h(248,16): warning C4251: 'CUDTException::m_strMsg': class 'std::basic_string<char,std::char_traits<char>,std::allocator<char>>' needs to have dll-interface to be used by clients of class 'CUDTException'
C:\Program Files\Microsoft Visual Studio\2022\Community\VC\Tools\MSVC\14.33.31629\include\xstring(5186): message : see declaration of 'std::basic_string<char,std::char_traits<char>,std::allocator<char>>'
C:\Users\natha\Downloads\udt4\src\udt.h(250,16): warning C4251: 'CUDTException::m_strAPI': class 'std::basic_string<char,std::char_traits<char>,std::allocator<char>>' needs to have dll-interface to be used by clients of class 'CUDTException'
C:\Program Files\Microsoft Visual Studio\2022\Community\VC\Tools\MSVC\14.33.31629\include\xstring(5186): message : see declaration of 'std::basic_string<char,std::char_traits<char>,std::allocator<char>>'
C:\Users\natha\Downloads\udt4\src\udt.h(251,16): warning C4251: 'CUDTException::m_strDebug': class 'std::basic_string<char,std::char_traits<char>,std::allocator<char>>' needs to have dll-interface to be used by clients of class 'CUDTException'
C:\Program Files\Microsoft Visual Studio\2022\Community\VC\Tools\MSVC\14.33.31629\include\xstring(5186): message : see declaration of 'std::basic_string<char,std::char_traits<char>,std::allocator<char>>'
  md5.cpp
  packet.cpp
C:\Users\natha\Downloads\udt4\src\udt.h(248,16): warning C4251: 'CUDTException::m_strMsg': class 'std::basic_string<char,std::char_traits<char>,std::allocator<char>>' needs to have dll-interface to be used by clients of class 'CUDTException'
C:\Program Files\Microsoft Visual Studio\2022\Community\VC\Tools\MSVC\14.33.31629\include\xstring(5186): message : see declaration of 'std::basic_string<char,std::char_traits<char>,std::allocator<char>>'
C:\Users\natha\Downloads\udt4\src\udt.h(250,16): warning C4251: 'CUDTException::m_strAPI': class 'std::basic_string<char,std::char_traits<char>,std::allocator<char>>' needs to have dll-interface to be used by clients of class 'CUDTException'
C:\Program Files\Microsoft Visual Studio\2022\Community\VC\Tools\MSVC\14.33.31629\include\xstring(5186): message : see declaration of 'std::basic_string<char,std::char_traits<char>,std::allocator<char>>'
C:\Users\natha\Downloads\udt4\src\udt.h(251,16): warning C4251: 'CUDTException::m_strDebug': class 'std::basic_string<char,std::char_traits<char>,std::allocator<char>>' needs to have dll-interface to be used by clients of class 'CUDTException'
C:\Program Files\Microsoft Visual Studio\2022\Community\VC\Tools\MSVC\14.33.31629\include\xstring(5186): message : see declaration of 'std::basic_string<char,std::char_traits<char>,std::allocator<char>>'
  queue.cpp
C:\Users\natha\Downloads\udt4\src\udt.h(248,16): warning C4251: 'CUDTException::m_strMsg': class 'std::basic_string<char,std::char_traits<char>,std::allocator<char>>' needs to have dll-interface to be used by clients of class 'CUDTException'
C:\Program Files\Microsoft Visual Studio\2022\Community\VC\Tools\MSVC\14.33.31629\include\xstring(5186): message : see declaration of 'std::basic_string<char,std::char_traits<char>,std::allocator<char>>'
C:\Users\natha\Downloads\udt4\src\udt.h(250,16): warning C4251: 'CUDTException::m_strAPI': class 'std::basic_string<char,std::char_traits<char>,std::allocator<char>>' needs to have dll-interface to be used by clients of class 'CUDTException'
C:\Program Files\Microsoft Visual Studio\2022\Community\VC\Tools\MSVC\14.33.31629\include\xstring(5186): message : see declaration of 'std::basic_string<char,std::char_traits<char>,std::allocator<char>>'
C:\Users\natha\Downloads\udt4\src\udt.h(251,16): warning C4251: 'CUDTException::m_strDebug': class 'std::basic_string<char,std::char_traits<char>,std::allocator<char>>' needs to have dll-interface to be used by clients of class 'CUDTException'
C:\Program Files\Microsoft Visual Studio\2022\Community\VC\Tools\MSVC\14.33.31629\include\xstring(5186): message : see declaration of 'std::basic_string<char,std::char_traits<char>,std::allocator<char>>'
C:\Users\natha\Downloads\udt4\src\queue.cpp(1071,20): warning C4456: declaration of 'u' hides previous local declaration
C:\Users\natha\Downloads\udt4\src\queue.cpp(978,10): message : see declaration of 'u'
  window.cpp
C:\Users\natha\Downloads\udt4\src\udt.h(248,16): warning C4251: 'CUDTException::m_strMsg': class 'std::basic_string<char,std::char_traits<char>,std::allocator<char>>' needs to have dll-interface to be used by clients of class 'CUDTException'
C:\Program Files\Microsoft Visual Studio\2022\Community\VC\Tools\MSVC\14.33.31629\include\xstring(5186): message : see declaration of 'std::basic_string<char,std::char_traits<char>,std::allocator<char>>'
C:\Users\natha\Downloads\udt4\src\udt.h(250,16): warning C4251: 'CUDTException::m_strAPI': class 'std::basic_string<char,std::char_traits<char>,std::allocator<char>>' needs to have dll-interface to be used by clients of class 'CUDTException'
C:\Program Files\Microsoft Visual Studio\2022\Community\VC\Tools\MSVC\14.33.31629\include\xstring(5186): message : see declaration of 'std::basic_string<char,std::char_traits<char>,std::allocator<char>>'
C:\Users\natha\Downloads\udt4\src\udt.h(251,16): warning C4251: 'CUDTException::m_strDebug': class 'std::basic_string<char,std::char_traits<char>,std::allocator<char>>' needs to have dll-interface to be used by clients of class 'CUDTException'
C:\Program Files\Microsoft Visual Studio\2022\Community\VC\Tools\MSVC\14.33.31629\include\xstring(5186): message : see declaration of 'std::basic_string<char,std::char_traits<char>,std::allocator<char>>'
  Generating Code...
     Creating library ../src\udt.lib and object ../src\udt.exp
  udt.vcxproj -> C:\Users\natha\Downloads\udt4\src\udt.dll
